1512614245.935437 client started (6428): version 2.5, socket /tmp/tmux-1000/default, protocol 8
1512614245.935506 on Linux 4.13.15-200.fc26.x86_64 #1 SMP Tue Nov 21 21:10:40 UTC 2017; libevent 2.0.22-stable (poll)
1512614245.935556 socket is /tmp/tmux-1000/default
1512614245.935579 trying connect
1512614245.935614 connect failed: Connection refused
1512614245.935638 lock file is /tmp/tmux-1000/default.lock
1512614245.935669 flock succeeded
1512614245.935679 got lock (6)
1512614245.935716 trying connect
1512614245.935739 connect failed: Connection refused
1512614245.936229 add peer 0x559c70568c00: 7 ((nil))
1512614245.936482 sending message 100 to peer 0x559c70568c00 (4 bytes)
1512614245.936512 sending message 101 to peer 0x559c70568c00 (15 bytes)
1512614245.936529 sending message 102 to peer 0x559c70568c00 (11 bytes)
1512614245.936545 sending message 108 to peer 0x559c70568c00 (71 bytes)
1512614245.936562 sending message 104 to peer 0x559c70568c00 (0 bytes)
1512614245.936578 sending message 107 to peer 0x559c70568c00 (4 bytes)
1512614245.936595 sending message 105 to peer 0x559c70568c00 (1801 bytes)
1512614245.936666 sending message 105 to peer 0x559c70568c00 (27 bytes)
1512614245.936684 sending message 105 to peer 0x559c70568c00 (21 bytes)
1512614245.936700 sending message 105 to peer 0x559c70568c00 (24 bytes)
1512614245.936714 sending message 105 to peer 0x559c70568c00 (23 bytes)
1512614245.936728 sending message 105 to peer 0x559c70568c00 (17 bytes)
1512614245.936743 sending message 105 to peer 0x559c70568c00 (21 bytes)
1512614245.936757 sending message 105 to peer 0x559c70568c00 (23 bytes)
1512614245.936771 sending message 105 to peer 0x559c70568c00 (11 bytes)
1512614245.936785 sending message 105 to peer 0x559c70568c00 (30 bytes)
1512614245.936800 sending message 105 to peer 0x559c70568c00 (33 bytes)
1512614245.936838 sending message 105 to peer 0x559c70568c00 (20 bytes)
1512614245.936854 sending message 105 to peer 0x559c70568c00 (33 bytes)
1512614245.936868 sending message 105 to peer 0x559c70568c00 (15 bytes)
1512614245.936881 sending message 105 to peer 0x559c70568c00 (11 bytes)
1512614245.936895 sending message 105 to peer 0x559c70568c00 (41 bytes)
1512614245.936910 sending message 105 to peer 0x559c70568c00 (17 bytes)
1512614245.936924 sending message 105 to peer 0x559c70568c00 (11 bytes)
1512614245.936937 sending message 105 to peer 0x559c70568c00 (30 bytes)
1512614245.936951 sending message 105 to peer 0x559c70568c00 (23 bytes)
1512614245.936965 sending message 105 to peer 0x559c70568c00 (75 bytes)
1512614245.936980 sending message 105 to peer 0x559c70568c00 (17 bytes)
1512614245.937013 sending message 105 to peer 0x559c70568c00 (23 bytes)
1512614245.937031 sending message 105 to peer 0x559c70568c00 (19 bytes)
1512614245.937044 sending message 105 to peer 0x559c70568c00 (21 bytes)
1512614245.937058 sending message 105 to peer 0x559c70568c00 (124 bytes)
1512614245.937073 sending message 105 to peer 0x559c70568c00 (34 bytes)
1512614245.937087 sending message 105 to peer 0x559c70568c00 (24 bytes)
1512614245.937100 sending message 105 to peer 0x559c70568c00 (23 bytes)
1512614245.937114 sending message 105 to peer 0x559c70568c00 (15 bytes)
1512614245.937130 sending message 105 to peer 0x559c70568c00 (27 bytes)
1512614245.937144 sending message 105 to peer 0x559c70568c00 (13 bytes)
1512614245.937158 sending message 105 to peer 0x559c70568c00 (16 bytes)
1512614245.937171 sending message 105 to peer 0x559c70568c00 (20 bytes)
1512614245.937184 sending message 105 to peer 0x559c70568c00 (17 bytes)
1512614245.937199 sending message 105 to peer 0x559c70568c00 (18 bytes)
1512614245.937212 sending message 105 to peer 0x559c70568c00 (20 bytes)
1512614245.937223 sending message 105 to peer 0x559c70568c00 (40 bytes)
1512614245.937235 sending message 105 to peer 0x559c70568c00 (8 bytes)
1512614245.937248 sending message 105 to peer 0x559c70568c00 (15 bytes)
1512614245.937260 sending message 105 to peer 0x559c70568c00 (18 bytes)
1512614245.937272 sending message 105 to peer 0x559c70568c00 (145 bytes)
1512614245.937284 sending message 105 to peer 0x559c70568c00 (25 bytes)
1512614245.937319 sending message 105 to peer 0x559c70568c00 (44 bytes)
1512614245.937332 sending message 105 to peer 0x559c70568c00 (14 bytes)
1512614245.937344 sending message 105 to peer 0x559c70568c00 (54 bytes)
1512614245.937358 sending message 105 to peer 0x559c70568c00 (31 bytes)
1512614245.937371 sending message 105 to peer 0x559c70568c00 (41 bytes)
1512614245.937386 sending message 105 to peer 0x559c70568c00 (94 bytes)
1512614245.937402 sending message 105 to peer 0x559c70568c00 (31 bytes)
1512614245.937415 sending message 105 to peer 0x559c70568c00 (14 bytes)
1512614245.937428 sending message 105 to peer 0x559c70568c00 (33 bytes)
1512614245.937440 sending message 105 to peer 0x559c70568c00 (80 bytes)
1512614245.937462 sending message 105 to peer 0x559c70568c00 (35 bytes)
1512614245.937475 sending message 105 to peer 0x559c70568c00 (20 bytes)
1512614245.937487 sending message 105 to peer 0x559c70568c00 (61 bytes)
1512614245.937499 sending message 105 to peer 0x559c70568c00 (138 bytes)
1512614245.937511 sending message 105 to peer 0x559c70568c00 (16 bytes)
1512614245.937524 sending message 105 to peer 0x559c70568c00 (16 bytes)
1512614245.937536 sending message 106 to peer 0x559c70568c00 (0 bytes)
1512614245.937551 sending message 200 to peer 0x559c70568c00 (4 bytes)
1512614245.937563 client loop enter
1512614245.966227 peer 0x559c70568c00 message 207
1512614245.966257 sending message 208 to peer 0x559c70568c00 (0 bytes)
1512614250.115133 peer 0x559c70568c00 message 203
1512614250.115174 sending message 205 to peer 0x559c70568c00 (0 bytes)
1512614250.115891 peer 0x559c70568c00 message 204
1512614250.115910 client loop exit
